<?xml version="1.0" encoding="UTF-8"?>
<!-- Generated by org.testng.reporters.JUnitReportReporter -->
<testsuite hostname="DESKTOP-QFQAVVB" failures="0" tests="4" name="com.library.BookTest" time="0.090" errors="0" timestamp="2024-11-01T15:52:22 PKT" skipped="0">
  <testcase classname="com.library.BookTest" name="testBookCreation" time="0.028"/>
  <system-out/>
  <testcase classname="com.library.BookTest" name="testReturnBook" time="0.028"/>
  <system-out/>
  <testcase classname="com.library.BookTest" name="testBookCreation" time="0.006"/>
  <system-out/>
  <testcase classname="com.library.BookTest" name="testBorrowBook" time="0.028"/>
  <system-out/>
</testsuite> <!-- com.library.BookTest -->
