<?xml version="1.0" encoding="UTF-8"?>
<!-- Generated by org.testng.reporters.JUnitReportReporter -->
<testsuite hostname="DESKTOP-QFQAVVB" failures="0" tests="2" name="com.library.MemberTest" time="0.010" errors="0" timestamp="2024-11-01T15:52:22 PKT" skipped="0">
  <testcase classname="com.library.MemberTest" name="testMemberCreation" time="0.007"/>
  <system-out/>
  <testcase classname="com.library.MemberTest" name="testMemberCreation" time="0.003"/>
  <system-out/>
</testsuite> <!-- com.library.MemberTest -->
