<?xml version="1.0" encoding="UTF-8"?>
<!-- Generated by org.testng.reporters.JUnitReportReporter -->
<testsuite hostname="DESKTOP-QFQAVVB" failures="0" tests="2" name="com.library.MemberTest" time="0.026" errors="0" timestamp="2024-11-01T16:06:39 PKT" skipped="0">
  <testcase classname="com.library.MemberTest" name="testMemberCreation" time="0.008"/>
  <system-out/>
  <testcase classname="com.library.MemberTest" name="testMemberCreation" time="0.018"/>
  <system-out/>
</testsuite> <!-- com.library.MemberTest -->
