<?xml version="1.0" encoding="UTF-8"?>
<!-- Generated by org.testng.reporters.JUnitReportReporter -->
<testsuite hostname="DESKTOP-QFQAVVB" failures="0" tests="4" name="com.library.BookTest" time="0.269" errors="0" timestamp="2024-11-01T16:06:39 PKT" skipped="0">
  <testcase classname="com.library.BookTest" name="testBookCreation" time="0.005"/>
  <system-out/>
  <testcase classname="com.library.BookTest" name="testBorrowBook" time="0.092"/>
  <system-out/>
  <testcase classname="com.library.BookTest" name="testBookCreation" time="0.079"/>
  <system-out/>
  <testcase classname="com.library.BookTest" name="testReturnBook" time="0.093"/>
  <system-out/>
</testsuite> <!-- com.library.BookTest -->
