<?xml version="1.0" encoding="UTF-8"?>
<!-- Generated by org.testng.reporters.JUnitReportReporter -->
<testsuite hostname="DESKTOP-QFQAVVB" failures="0" tests="1" name="com.library.LibraryAppTest" time="3.023" errors="0" timestamp="2024-11-01T16:06:39 PKT" skipped="0">
  <testcase classname="com.library.LibraryAppTest" name="testLibraryService" time="3.023"/>
  <system-out/>
</testsuite> <!-- com.library.LibraryAppTest -->
